<?xml version="1.0" encoding="UTF-8"?>
<!-- Generated by org.testng.reporters.JUnitXMLReporter -->
<testsuite ignored="0" hostname="LIN76001422" failures="0" tests="6" name="Surefire test" time="0.106" errors="0" timestamp="2022-02-21T16:15:33 IST">
  <testcase classname="MavenJavaProject.MavenJava.EnterDetailsTest" name="sendName" time="0.007"/>
  <testcase classname="MavenJavaProject.MavenJava.EnterDetailsTest" name="sendPassword" time="0.001"/>
  <testcase classname="MavenJavaProject.MavenJava.LogInTest" name="password" time="0.001"/>
  <testcase classname="MavenJavaProject.MavenJava.LogInTest" name="userName" time="0.001"/>
  <testcase classname="MavenJavaProject.MavenJava.LogOutTest" name="logoutUser" time="0.001"/>
  <testcase classname="MavenJavaProject.MavenJava.LogOutTest" name="signoutUser" time="0.001"/>
</testsuite> <!-- Surefire test -->
