<?xml version="1.0" encoding="UTF-8"?>
<!-- Generated by org.testng.reporters.JUnitXMLReporter -->
<testsuite ignored="3" hostname="LIN76001422" failures="0" tests="3" name="Test" time="0.166" errors="0" timestamp="2022-02-22T12:43:59 IST">
  <testcase classname="MavenJavaProject.MavenJava.LogInTest" name="userName" time="0.027"/>
  <testcase classname="MavenJavaProject.MavenJava.LogOutTest" name="logoutUser" time="0.004"/>
  <testcase classname="MavenJavaProject.MavenJava.EnterDetailsTest" name="sendName" time="0.003"/>
  <testcase classname="MavenJavaProject.MavenJava.EnterDetailsTest" name="sendPassword" time="0.0">
    <ignored/>
  </testcase> <!-- sendPassword -->
  <testcase classname="MavenJavaProject.MavenJava.LogOutTest" name="signoutUser" time="0.0">
    <ignored/>
  </testcase> <!-- signoutUser -->
  <testcase classname="MavenJavaProject.MavenJava.LogInTest" name="password" time="0.0">
    <ignored/>
  </testcase> <!-- password -->
</testsuite> <!-- Test -->
