<?xml version="1.0" encoding="UTF-8"?>
<testng-results ignored="3" total="6" passed="3" failed="0" skipped="0">
  <reporter-output>
  </reporter-output>
  <suite started-at="2022-02-22T12:45:15 IST" name="Suite" finished-at="2022-02-22T12:45:15 IST" duration-ms="72">
    <groups>
      <group name="Regression">
        <method signature="EnterDetailsTest.sendName()[pri:0, instance:MavenJavaProject.MavenJava.EnterDetailsTest@12b0404f]" name="sendName" class="MavenJavaProject.MavenJava.EnterDetailsTest"/>
        <method signature="LogInTest.userName()[pri:0, instance:MavenJavaProject.MavenJava.LogInTest@318ba8c8]" name="userName" class="MavenJavaProject.MavenJava.LogInTest"/>
        <method signature="LogOutTest.logoutUser()[pri:0, instance:MavenJavaProject.MavenJava.LogOutTest@419c5f1a]" name="logoutUser" class="MavenJavaProject.MavenJava.LogOutTest"/>
      </group> <!-- Regression -->
    </groups>
    <test started-at="2022-02-22T12:45:15 IST" name="Test" finished-at="2022-02-22T12:45:15 IST" duration-ms="72">
      <class name="MavenJavaProject.MavenJava.EnterDetailsTest">
        <test-method signature="sendName()[pri:0, instance:MavenJavaProject.MavenJava.EnterDetailsTest@12b0404f]" started-at="2022-02-22T12:45:15 IST" name="sendName" finished-at="2022-02-22T12:45:15 IST" duration-ms="0" status="PASS">
          <reporter-output>
          </reporter-output>
        </test-method> <!-- sendName -->
      </class> <!-- MavenJavaProject.MavenJava.EnterDetailsTest -->
      <class name="MavenJavaProject.MavenJava.LogOutTest">
        <test-method signature="logoutUser()[pri:0, instance:MavenJavaProject.MavenJava.LogOutTest@419c5f1a]" started-at="2022-02-22T12:45:15 IST" name="logoutUser" finished-at="2022-02-22T12:45:15 IST" duration-ms="1" status="PASS">
          <reporter-output>
          </reporter-output>
        </test-method> <!-- logoutUser -->
      </class> <!-- MavenJavaProject.MavenJava.LogOutTest -->
      <class name="MavenJavaProject.MavenJava.LogInTest">
        <test-method signature="userName()[pri:0, instance:MavenJavaProject.MavenJava.LogInTest@318ba8c8]" started-at="2022-02-22T12:45:15 IST" name="userName" finished-at="2022-02-22T12:45:15 IST" duration-ms="6" status="PASS">
          <reporter-output>
          </reporter-output>
        </test-method> <!-- userName -->
      </class> <!-- MavenJavaProject.MavenJava.LogInTest -->
    </test> <!-- Test -->
  </suite> <!-- Suite -->
</testng-results>
