<?xml version="1.0" encoding="UTF-8"?>
<testsuite xmlns:xsi="http://www.w3.org/2001/XMLSchema-instance" xsi:noNamespaceSchemaLocation="https://maven.apache.org/surefire/maven-surefire-plugin/xsd/surefire-test-report-3.0.xsd" version="3.0" name="TestSuite" time="1.342" tests="3" errors="0" skipped="0" failures="0">
  <properties>
[...]
</properties>
  <testcase name="userName" classname="MavenJavaProject.MavenJava.LogInTest" time="0.008"/>
  <testcase name="logoutUser" classname="MavenJavaProject.MavenJava.LogOutTest" time="0.001"/>
  <testcase name="sendName" classname="MavenJavaProject.MavenJava.EnterDetailsTest" time="0.001"/>
</testsuite>