<?xml version="1.0" encoding="UTF-8"?>
<testng-results ignored="3" total="6" passed="3" failed="0" skipped="0">
  <reporter-output>
  </reporter-output>
  <suite started-at="2022-02-22T12:43:59 IST" name="Suite" finished-at="2022-02-22T12:43:59 IST" duration-ms="166">
    <groups>
      <group name="Regression">
        <method signature="EnterDetailsTest.sendName()[pri:0, instance:MavenJavaProject.MavenJava.EnterDetailsTest@35aea049]" name="sendName" class="MavenJavaProject.MavenJava.EnterDetailsTest"/>
        <method signature="LogInTest.userName()[pri:0, instance:MavenJavaProject.MavenJava.LogInTest@67c33749]" name="userName" class="MavenJavaProject.MavenJava.LogInTest"/>
        <method signature="LogOutTest.logoutUser()[pri:0, instance:MavenJavaProject.MavenJava.LogOutTest@169e6180]" name="logoutUser" class="MavenJavaProject.MavenJava.LogOutTest"/>
      </group> <!-- Regression -->
    </groups>
    <test started-at="2022-02-22T12:43:59 IST" name="Test" finished-at="2022-02-22T12:43:59 IST" duration-ms="166">
      <class name="MavenJavaProject.MavenJava.EnterDetailsTest">
        <test-method signature="sendName()[pri:0, instance:MavenJavaProject.MavenJava.EnterDetailsTest@35aea049]" started-at="2022-02-22T12:43:59 IST" name="sendName" finished-at="2022-02-22T12:43:59 IST" duration-ms="3" status="PASS">
          <reporter-output>
          </reporter-output>
        </test-method> <!-- sendName -->
      </class> <!-- MavenJavaProject.MavenJava.EnterDetailsTest -->
      <class name="MavenJavaProject.MavenJava.LogOutTest">
        <test-method signature="logoutUser()[pri:0, instance:MavenJavaProject.MavenJava.LogOutTest@169e6180]" started-at="2022-02-22T12:43:59 IST" name="logoutUser" finished-at="2022-02-22T12:43:59 IST" duration-ms="4" status="PASS">
          <reporter-output>
          </reporter-output>
        </test-method> <!-- logoutUser -->
      </class> <!-- MavenJavaProject.MavenJava.LogOutTest -->
      <class name="MavenJavaProject.MavenJava.LogInTest">
        <test-method signature="userName()[pri:0, instance:MavenJavaProject.MavenJava.LogInTest@67c33749]" started-at="2022-02-22T12:43:59 IST" name="userName" finished-at="2022-02-22T12:43:59 IST" duration-ms="27" status="PASS">
          <reporter-output>
          </reporter-output>
        </test-method> <!-- userName -->
      </class> <!-- MavenJavaProject.MavenJava.LogInTest -->
    </test> <!-- Test -->
  </suite> <!-- Suite -->
</testng-results>
